\BOOKMARK [0][-]{chapter*.4}{List of Figures}{}% 1
\BOOKMARK [0][-]{chapter*.5}{List of Acronyms}{}% 2
\BOOKMARK [0][-]{chapter.1}{Introduction}{}% 3
\BOOKMARK [1][-]{section.1.1}{Motivation}{chapter.1}% 4
\BOOKMARK [1][-]{section.1.2}{Problem Statement}{chapter.1}% 5
\BOOKMARK [1][-]{section.1.3}{Objectives}{chapter.1}% 6
\BOOKMARK [1][-]{section.1.4}{Out of Scope}{chapter.1}% 7
\BOOKMARK [1][-]{section.1.5}{Coursework Structure}{chapter.1}% 8
\BOOKMARK [0][-]{chapter.2}{ADHD}{}% 9
\BOOKMARK [1][-]{section.2.1}{ADHD features in childhood and in teenage}{chapter.2}% 10
\BOOKMARK [1][-]{section.2.2}{Stroop Effect}{chapter.2}% 11
\BOOKMARK [1][-]{section.2.3}{Use of computing for play therapy involving ADHD children}{chapter.2}% 12
\BOOKMARK [1][-]{section.2.4}{Memory Stroop: implementing a system to explore the correlation between memory and ADHD}{chapter.2}% 13
\BOOKMARK [1][-]{section.2.5}{Summary}{chapter.2}% 14
\BOOKMARK [0][-]{chapter.3}{Gamification}{}% 15
\BOOKMARK [1][-]{section.3.1}{Concept}{chapter.3}% 16
\BOOKMARK [1][-]{section.3.2}{Place in gaming taxonomy, subtypes and variations}{chapter.3}% 17
\BOOKMARK [1][-]{section.3.3}{Elements of gamification}{chapter.3}% 18
\BOOKMARK [1][-]{section.3.4}{Uses and real life cases}{chapter.3}% 19
\BOOKMARK [1][-]{section.3.5}{Related work}{chapter.3}% 20
\BOOKMARK [1][-]{section.3.6}{Summary}{chapter.3}% 21
\BOOKMARK [0][-]{chapter.4}{MemoryStroop: Concept, Design and Implementation}{}% 22
\BOOKMARK [1][-]{section.4.1}{Requirements}{chapter.4}% 23
\BOOKMARK [2][-]{subsection.4.1.1}{Requirement prospection}{section.4.1}% 24
\BOOKMARK [2][-]{subsection.4.1.2}{Defining requirements}{section.4.1}% 25
\BOOKMARK [2][-]{subsection.4.1.3}{Technologies for software Development}{section.4.1}% 26
\BOOKMARK [1][-]{section.4.2}{General features and application architecture}{chapter.4}% 27
\BOOKMARK [1][-]{section.4.3}{Summary}{chapter.4}% 28
\BOOKMARK [0][-]{chapter.5}{Experiment}{}% 29
\BOOKMARK [1][-]{section.5.1}{Methodology}{chapter.5}% 30
\BOOKMARK [2][-]{subsection.5.1.1}{A case study approach and its implications}{section.5.1}% 31
\BOOKMARK [1][-]{section.5.2}{Results}{chapter.5}% 32
\BOOKMARK [1][-]{section.5.3}{Discussion}{chapter.5}% 33
\BOOKMARK [1][-]{section.5.4}{Summary}{chapter.5}% 34
\BOOKMARK [0][-]{chapter.6}{Conclusion}{}% 35
\BOOKMARK [1][-]{subsection.6.0.1}{Coming studies}{chapter.6}% 36
\BOOKMARK [0][-]{subsection.6.0.1}{Bibliography}{}% 37
\BOOKMARK [0][-]{section*.7}{Appendix}{}% 38
