This is TeX, Version 3.1415926 (MiKTeX 2.9 64-bit) (preloaded format=tex 2014.7.12)  12 JUL 2014 11:16
**references.bib
("C:\Users\Sergio Villa\Desktop\mografia_sergio\references.bib"
Overfull \hbox (45.74632pt too wide) in paragraph at lines 5--13
\tenrm thor=Werbach, K. and Hunter, D., isbn=9781613630235, url=http://books.go
ogle.com.br/books?id=abg0SnK3XdMC,|

\hbox(7.5+2.5)x469.75499, glue set - 1.0
.\tenrm t
.\tenrm h
.\tenrm o
.\tenrm r
.\tenrm =
.etc.


Overfull \hbox (10.63492pt too wide) in paragraph at lines 14--22
[]\tenrm @booksuits2014grasshopper, ti-tle=The Grasshop-per, third edi-tion: Ga
mes, Life and Utopia, au-thor=Suits,|

\hbox(6.94444+1.94444)x469.75499, glue set - 1.0
.\hbox(0.0+0.0)x20.0
.\tenrm @
.\tenrm b
.\kern0.27779
.\tenrm o
.etc.


Overfull \hbox (52.07965pt too wide) in paragraph at lines 14--22
\tenrm B. and Hurka, T. and Newfeld, F., isbn=9781770484863, url=http://books.g
oogle.com.br/books?id=K3ARAwAAQBAJ,|

\hbox(7.5+2.5)x469.75499, glue set - 1.0
.\tenrm B
.\tenrm .
.\glue 3.33333 plus 1.66666 minus 1.11111
.\tenrm a
.\tenrm n
.etc.


Overfull \hbox (8.99498pt too wide) in paragraph at lines 23--31
[]\tenrm @bookhuizinga1971homo, ti-tle=Homo Lu-dens: A Study of the Play-Elemen
t in Cul-ture, au-thor=Huizinga,|

\hbox(6.94444+1.94444)x469.75499, glue set - 1.0
.\hbox(0.0+0.0)x20.0
.\tenrm @
.\tenrm b
.\kern0.27779
.\tenrm o
.etc.


Overfull \hbox (90.44087pt too wide) in paragraph at lines 32--39
\tenrm agn^^Sostico e Trata-mento, au-thor=Barkley, R.A., isbn=9788536314662, u
rl=http://books.google.com.br/books?id=aj9p1uvA7usC,|

\hbox(7.5+2.5)x469.75499, glue set - 1.0
.\tenrm a
.\tenrm g
.\tenrm n
.\kern 0.0 (for accent)
.\tenrm ^^S
.etc.


Overfull \hbox (62.9962pt too wide) in paragraph at lines 40--49
[]\tenrm @booklezak2004neuropsychological, ti-tle=Neuropsychological As-sess-me
nt, au-thor=Lezak, M.D., isbn=9780195111217,|

\hbox(6.94444+1.94444)x469.75499, glue set - 1.0
.\hbox(0.0+0.0)x20.0
.\tenrm @
.\tenrm b
.\kern0.27779
.\tenrm o
.etc.


Overfull \hbox (12.8296pt too wide) in paragraph at lines 40--49
\tenrm lccn=2003190065, url=http://books.google.com.br/books?id=FroDVkVKA2EC, y
ear=2004, pub-lisher=Oxford|

\hbox(7.5+2.5)x469.75499, glue set - 1.0
.\tenrm l
.\tenrm c
.\tenrm c
.\tenrm n
.\tenrm =
.etc.


Overfull \hbox (19.81554pt too wide) in paragraph at lines 50--56
\tenrm Uses, au-thor=Golden, C.J. and Fresh-wa-ter, S.M., url=http://books.goog
le.com.br/books?id=aRYEuAAACAAJ,|

\hbox(7.5+2.5)x469.75499, glue set - 1.0
.\tenrm U
.\tenrm s
.\tenrm e
.\tenrm s
.\tenrm ,
.etc.


Overfull \hbox (101.9408pt too wide) in paragraph at lines 79--96
\tenrm "http://dx.doi.org/10.1016/j.psychres.2005.09.007", url = "http://www.sc
iencedirect.com/science/article/pii/S0165178105002994",|

\hbox(7.5+2.5)x469.75499, glue set - 1.0
.\tenrm "
.\tenrm h
.\kern-0.27779
.\tenrm t
.\tenrm t
.etc.


Overfull \hbox (58.95448pt too wide) in paragraph at lines 112--119
[]\tenrm @Miscgamification, url="https://www.coursera.org/course/gamification",
 ti-tle="Gamification", au-thors="Werbach,|

\hbox(7.5+2.5)x469.75499, glue set - 1.0
.\hbox(0.0+0.0)x20.0
.\tenrm @
.\tenrm M
.\tenrm i
.\tenrm s
.etc.


Overfull \hbox (14.02373pt too wide) in paragraph at lines 120--126
[]\tenrm @MiscidcTablets, url="http://br.idclatin.com/releases/news.aspx?id=162
7", ti-tle="Tablets su-peram note-|

\hbox(7.5+2.5)x469.75499, glue set - 1.0
.\hbox(0.0+0.0)x20.0
.\tenrm @
.\tenrm M
.\tenrm i
.\tenrm s
.etc.


Overfull \hbox (17.856pt too wide) in paragraph at lines 127--133
[]\tenrm @MiscidcCelulares, url="http://br.idclatin.com/releases/news.aspx?id=1
613", ti-tle=Estudo da IDC aponta|

\hbox(7.5+2.5)x469.75499, glue set - 1.0
.\hbox(0.0+0.0)x20.0
.\tenrm @
.\tenrm M
.\tenrm i
.\tenrm s
.etc.


Overfull \hbox (8.30153pt too wide) in paragraph at lines 134--140
[]\tenrm @MiscidcEstudoTablets, url="http://br.idclatin.com/releases/news.aspx?
id=1545", ti-tle=Estudo da IDC|

\hbox(7.5+2.5)x469.75499, glue set - 1.0
.\hbox(0.0+0.0)x20.0
.\tenrm @
.\tenrm M
.\tenrm i
.\tenrm s
.etc.


Overfull \hbox (12.77371pt too wide) in paragraph at lines 134--140
\tenrm mostra de-sem-penho est^^Savel na venda de tablets no ter-ceiro trimestr
e, pub-lished="28/11/2013", pub-lisher="IDC|

\hbox(7.5+2.5)x469.75499, glue set - 1.0
.\tenrm m
.\tenrm o
.\tenrm s
.\tenrm t
.\tenrm r
.etc.


Overfull \hbox (7.99602pt too wide) in paragraph at lines 141--147
[]\tenrm @MiscidcEstudoSmart, url="http://br.idclatin.com/releases/news.aspx?id
=1547", ti-tle="Estudo da IDC|

\hbox(7.5+2.5)x469.75499, glue set - 1.0
.\hbox(0.0+0.0)x20.0
.\tenrm @
.\tenrm M
.\tenrm i
.\tenrm s
.etc.


Overfull \hbox (20.02388pt too wide) in paragraph at lines 155--161
[]\tenrm @Miscmusica, url="http://www.flashkit.com/loops/Ambient/always-jose-10
187/index.php", au-thor="jose"|

\hbox(7.5+2.5)x469.75499, glue set - 1.0
.\hbox(0.0+0.0)x20.0
.\tenrm @
.\tenrm M
.\tenrm i
.\tenrm s
.etc.

)
*
! Emergency stop.
<*> references.bib
                  
End of file on the terminal!

No pages of output.
